2024-09-23 20:19:33 error: Error in /register: 
Invalid `prisma.customer.create()` invocation in
C:\Users\e032050\case-study-final-v2\case-study\rest-endpoints\index.js:285:41

  282 try {
  283   let newCustomer = new Customer(name, email, phone, password);
  284   logger.info(`User registered: ${email}`);
→ 285   newCustomer = await prisma.customer.create(
Unique constraint failed on the constraint: `Customer_customerMail_key`
2024-09-23 20:53:47 error: Error in /register: 
Invalid `prisma.customer.create()` invocation in
C:\Users\e032050\case-study-final-v2\case-study\rest-endpoints\index.js:285:41

  282 try {
  283   let newCustomer = new Customer(name, email, phone, password);
  284   logger.info(`User registered: ${email}`);
→ 285   newCustomer = await prisma.customer.create(
Unique constraint failed on the constraint: `Customer_customerMail_key`
2024-09-23 20:53:47 error: Error in /register: 
Invalid `prisma.customer.create()` invocation in
C:\Users\e032050\case-study-final-v2\case-study\rest-endpoints\index.js:285:41

  282 try {
  283   let newCustomer = new Customer(name, email, phone, password);
  284   logger.info(`User registered: ${email}`);
→ 285   newCustomer = await prisma.customer.create(
Unique constraint failed on the constraint: `Customer_customerMail_key`
2024-09-23 20:54:48 error: Error in /register: 
Invalid `prisma.customer.create()` invocation in
C:\Users\e032050\case-study-final-v2\case-study\rest-endpoints\index.js:285:41

  282 try {
  283   let newCustomer = new Customer(name, email, phone, password);
  284   logger.info(`User registered: ${email}`);
→ 285   newCustomer = await prisma.customer.create(
Unique constraint failed on the constraint: `Customer_customerMail_key`
2024-09-23 20:54:48 error: Error in /register: 
Invalid `prisma.customer.create()` invocation in
C:\Users\e032050\case-study-final-v2\case-study\rest-endpoints\index.js:285:41

  282 try {
  283   let newCustomer = new Customer(name, email, phone, password);
  284   logger.info(`User registered: ${email}`);
→ 285   newCustomer = await prisma.customer.create(
Unique constraint failed on the constraint: `Customer_customerMail_key`
2024-09-23 20:57:20 error: Error in /register: 
Invalid `prisma.customer.create()` invocation in
C:\Users\e032050\case-study-final-v2\case-study\rest-endpoints\index.js:285:41

  282 try {
  283   let newCustomer = new Customer(name, email, phone, password);
  284   logger.info(`User registered: ${email}`);
→ 285   newCustomer = await prisma.customer.create(
Unique constraint failed on the constraint: `Customer_customerMail_key`
2024-09-23 20:57:20 error: Error in /register: 
Invalid `prisma.customer.create()` invocation in
C:\Users\e032050\case-study-final-v2\case-study\rest-endpoints\index.js:285:41

  282 try {
  283   let newCustomer = new Customer(name, email, phone, password);
  284   logger.info(`User registered: ${email}`);
→ 285   newCustomer = await prisma.customer.create(
Unique constraint failed on the constraint: `Customer_customerMail_key`
2024-09-23 21:03:15 error: Error in /register: 
Invalid `prisma.customer.create()` invocation in
C:\Users\e032050\case-study-final-v2\case-study\rest-endpoints\index.js:285:41

  282 try {
  283   let newCustomer = new Customer(name, email, phone, password);
  284   logger.info(`User registered: ${email}`);
→ 285   newCustomer = await prisma.customer.create(
Unique constraint failed on the constraint: `Customer_customerMail_key`
2024-09-23 21:03:15 error: Error in /register: 
Invalid `prisma.customer.create()` invocation in
C:\Users\e032050\case-study-final-v2\case-study\rest-endpoints\index.js:285:41

  282 try {
  283   let newCustomer = new Customer(name, email, phone, password);
  284   logger.info(`User registered: ${email}`);
→ 285   newCustomer = await prisma.customer.create(
Unique constraint failed on the constraint: `Customer_customerMail_key`
2024-09-24 02:18:40 error: Error in /register: 
Invalid `prisma.customer.create()` invocation in
C:\Users\e032050\case-study-final-v2\case-study\rest-endpoints\index.js:285:41

  282 try {
  283   let newCustomer = new Customer(name, email, phone, password);
  284   logger.info(`User registered: ${email}`);
→ 285   newCustomer = await prisma.customer.create(
Unique constraint failed on the constraint: `Customer_customerMail_key`
2024-09-24 10:19:38 error: Error in /register: 
Invalid `prisma.customer.create()` invocation in
C:\Users\e032050\case-study-final-v2\case-study\rest-endpoints\index.js:285:41

  282 try {
  283   let newCustomer = new Customer(name, email, phone, password);
  284   logger.info(`User registered: ${email}`);
→ 285   newCustomer = await prisma.customer.create(
Database `telecom-billing-system-final-v2-test-db` does not exist on the database server at `localhost:3306`.
